{"pytest_version": "6.2.2", "$report_type": "SessionStart"}
{"nodeid": "", "outcome": "passed", "longrepr": null, "result": null, "sections": [], "$report_type": "CollectReport"}
{"nodeid": "tests/test_example1.py", "outcome": "passed", "longrepr": null, "result": null, "sections": [], "$report_type": "CollectReport"}
{"nodeid": "tests/test_example2.py::TestGroup", "outcome": "passed", "longrepr": null, "result": null, "sections": [], "$report_type": "CollectReport"}
{"nodeid": "tests/test_example2.py::TestGroup", "outcome": "passed", "longrepr": null, "result": null, "sections": [], "$report_type": "CollectReport"}
{"nodeid": "tests/test_example2.py::GroupTest", "outcome": "passed", "longrepr": null, "result": null, "sections": [], "$report_type": "CollectReport"}
{"nodeid": "tests/test_example2.py", "outcome": "passed", "longrepr": null, "result": null, "sections": [], "$report_type": "CollectReport"}
{"nodeid": "tests/test_example3.py", "outcome": "skipped", "longrepr": ["/home/lugh/Documents/Programming/emacs/pytest/tests/test_example3.py", 4, "Skipped: could not import 'lkjasdf\u00f6lkja8723lkas98723_': No module named 'lkjasdf\u00f6lkja8723lkas98723_'"], "result": null, "sections": [], "$report_type": "CollectReport"}
{"nodeid": "tests/test_example4.py", "outcome": "passed", "longrepr": null, "result": null, "sections": [], "$report_type": "CollectReport"}
{"nodeid": "tests/test_example1.py::test_pass", "location": ["tests/test_example1.py", 16, "test_pass"], "keywords": {"tests/test_example1.py": 1, "pytest": 1, "test_pass": 1}, "outcome": "passed", "longrepr": null, "when": "setup", "user_properties": [], "sections": [], "duration": 0.00026758800231618807, "$report_type": "TestReport"}
{"nodeid": "tests/test_example1.py::test_pass", "location": ["tests/test_example1.py", 16, "test_pass"], "keywords": {"tests/test_example1.py": 1, "pytest": 1, "test_pass": 1}, "outcome": "passed", "longrepr": null, "when": "call", "user_properties": [], "sections": [], "duration": 0.0003977960004704073, "$report_type": "TestReport"}
{"nodeid": "tests/test_example1.py::test_pass", "location": ["tests/test_example1.py", 16, "test_pass"], "keywords": {"tests/test_example1.py": 1, "pytest": 1, "test_pass": 1}, "outcome": "passed", "longrepr": null, "when": "teardown", "user_properties": [], "sections": [], "duration": 0.00033361899841111153, "$report_type": "TestReport"}
{"nodeid": "tests/test_example1.py::test_pass_with_output", "location": ["tests/test_example1.py", 21, "test_pass_with_output"], "keywords": {"tests/test_example1.py": 1, "pytest": 1, "test_pass_with_output": 1}, "outcome": "passed", "longrepr": null, "when": "setup", "user_properties": [], "sections": [], "duration": 0.00024384300195379183, "$report_type": "TestReport"}
{"nodeid": "tests/test_example1.py::test_pass_with_output", "location": ["tests/test_example1.py", 21, "test_pass_with_output"], "keywords": {"tests/test_example1.py": 1, "pytest": 1, "test_pass_with_output": 1}, "outcome": "passed", "longrepr": null, "when": "call", "user_properties": [], "sections": [["Captured stdout call", "output\n"], ["Captured stderr call", "error message\n"]], "duration": 0.0003927200014004484, "$report_type": "TestReport"}
{"nodeid": "tests/test_example1.py::test_pass_with_output", "location": ["tests/test_example1.py", 21, "test_pass_with_output"], "keywords": {"tests/test_example1.py": 1, "pytest": 1, "test_pass_with_output": 1}, "outcome": "passed", "longrepr": null, "when": "teardown", "user_properties": [], "sections": [["Captured stdout call", "output\n"], ["Captured stderr call", "error message\n"]], "duration": 0.0003037749993382022, "$report_type": "TestReport"}
{"nodeid": "tests/test_example1.py::test_fail", "location": ["tests/test_example1.py", 26, "test_fail"], "keywords": {"tests/test_example1.py": 1, "pytest": 1, "test_fail": 1}, "outcome": "passed", "longrepr": null, "when": "setup", "user_properties": [], "sections": [], "duration": 0.00026951699692290276, "$report_type": "TestReport"}
{"nodeid": "tests/test_example1.py::test_fail", "location": ["tests/test_example1.py", 26, "test_fail"], "keywords": {"tests/test_example1.py": 1, "pytest": 1, "test_fail": 1}, "outcome": "failed", "longrepr": {"reprcrash": {"path": "/home/lugh/Documents/Programming/emacs/pytest/tests/test_example1.py", "lineno": 29, "message": "assert False"}, "reprtraceback": {"reprentries": [{"type": "ReprEntry", "data": {"lines": ["    def test_fail():", "        warn()", ">       assert False", "E       assert False"], "reprfuncargs": {"args": []}, "reprlocals": null, "reprfileloc": {"path": "tests/test_example1.py", "lineno": 29, "message": "AssertionError"}, "style": "long"}}], "extraline": null, "style": "long"}, "sections": [], "chain": [[{"reprentries": [{"type": "ReprEntry", "data": {"lines": ["    def test_fail():", "        warn()", ">       assert False", "E       assert False"], "reprfuncargs": {"args": []}, "reprlocals": null, "reprfileloc": {"path": "tests/test_example1.py", "lineno": 29, "message": "AssertionError"}, "style": "long"}}], "extraline": null, "style": "long"}, {"path": "/home/lugh/Documents/Programming/emacs/pytest/tests/test_example1.py", "lineno": 29, "message": "assert False"}, null]]}, "when": "call", "user_properties": [], "sections": [], "duration": 0.00043938899761997163, "$report_type": "TestReport"}
{"nodeid": "tests/test_example1.py::test_fail", "location": ["tests/test_example1.py", 26, "test_fail"], "keywords": {"tests/test_example1.py": 1, "pytest": 1, "test_fail": 1}, "outcome": "passed", "longrepr": null, "when": "teardown", "user_properties": [], "sections": [], "duration": 0.0004675329983001575, "$report_type": "TestReport"}
{"nodeid": "tests/test_example1.py::test_error", "location": ["tests/test_example1.py", 31, "test_error"], "keywords": {"test_error": 1, "tests/test_example1.py": 1, "pytest": 1}, "outcome": "failed", "longrepr": {"reprcrash": {"path": "/home/lugh/Documents/Programming/emacs/pytest/tests/test_example1.py", "lineno": 14, "message": "assert False"}, "reprtraceback": {"reprentries": [{"type": "ReprEntry", "data": {"lines": ["    @pytest.fixture", "    def failing():", ">       assert False", "E       assert False"], "reprfuncargs": {"args": []}, "reprlocals": null, "reprfileloc": {"path": "tests/test_example1.py", "lineno": 14, "message": "AssertionError"}, "style": "long"}}], "extraline": null, "style": "long"}, "sections": [], "chain": [[{"reprentries": [{"type": "ReprEntry", "data": {"lines": ["    @pytest.fixture", "    def failing():", ">       assert False", "E       assert False"], "reprfuncargs": {"args": []}, "reprlocals": null, "reprfileloc": {"path": "tests/test_example1.py", "lineno": 14, "message": "AssertionError"}, "style": "long"}}], "extraline": null, "style": "long"}, {"path": "/home/lugh/Documents/Programming/emacs/pytest/tests/test_example1.py", "lineno": 14, "message": "assert False"}, null]]}, "when": "setup", "user_properties": [], "sections": [], "duration": 0.00037439900188473985, "$report_type": "TestReport"}
{"nodeid": "tests/test_example1.py::test_error", "location": ["tests/test_example1.py", 31, "test_error"], "keywords": {"test_error": 1, "tests/test_example1.py": 1, "pytest": 1}, "outcome": "passed", "longrepr": null, "when": "teardown", "user_properties": [], "sections": [], "duration": 0.0004358430014690384, "$report_type": "TestReport"}
{"nodeid": "tests/test_example1.py::test_xfail", "location": ["tests/test_example1.py", 35, "test_xfail"], "keywords": {"test_xfail": 1, "xfail": 1, "pytest": 1, "pytestmark": 1, "tests/test_example1.py": 1}, "outcome": "passed", "longrepr": null, "when": "setup", "user_properties": [], "sections": [], "duration": 0.00027707400295184925, "$report_type": "TestReport"}
{"nodeid": "tests/test_example1.py::test_xfail", "location": ["tests/test_example1.py", 35, "test_xfail"], "keywords": {"test_xfail": 1, "xfail": 1, "pytest": 1, "pytestmark": 1, "tests/test_example1.py": 1}, "outcome": "skipped", "longrepr": {"reprcrash": {"path": "/home/lugh/Documents/Programming/emacs/pytest/tests/test_example1.py", "lineno": 40, "message": "assert False"}, "reprtraceback": {"reprentries": [{"type": "ReprEntry", "data": {"lines": ["    @pytest.mark.xfail", "    def test_xfail():", "        warn()", "    ", ">       assert False", "E       assert False"], "reprfuncargs": {"args": []}, "reprlocals": null, "reprfileloc": {"path": "tests/test_example1.py", "lineno": 40, "message": "AssertionError"}, "style": "long"}}], "extraline": null, "style": "long"}, "sections": [], "chain": [[{"reprentries": [{"type": "ReprEntry", "data": {"lines": ["    @pytest.mark.xfail", "    def test_xfail():", "        warn()", "    ", ">       assert False", "E       assert False"], "reprfuncargs": {"args": []}, "reprlocals": null, "reprfileloc": {"path": "tests/test_example1.py", "lineno": 40, "message": "AssertionError"}, "style": "long"}}], "extraline": null, "style": "long"}, {"path": "/home/lugh/Documents/Programming/emacs/pytest/tests/test_example1.py", "lineno": 40, "message": "assert False"}, null]]}, "when": "call", "user_properties": [], "sections": [], "duration": 0.0004169019957771525, "wasxfail": "", "$report_type": "TestReport"}
{"nodeid": "tests/test_example1.py::test_xfail", "location": ["tests/test_example1.py", 35, "test_xfail"], "keywords": {"test_xfail": 1, "xfail": 1, "pytest": 1, "pytestmark": 1, "tests/test_example1.py": 1}, "outcome": "passed", "longrepr": null, "when": "teardown", "user_properties": [], "sections": [], "duration": 0.0003892230015480891, "$report_type": "TestReport"}
{"nodeid": "tests/test_example1.py::test_xfail_reason", "location": ["tests/test_example1.py", 42, "test_xfail_reason"], "keywords": {"xfail": 1, "pytest": 1, "pytestmark": 1, "tests/test_example1.py": 1, "test_xfail_reason": 1}, "outcome": "passed", "longrepr": null, "when": "setup", "user_properties": [], "sections": [], "duration": 0.0002377780037932098, "$report_type": "TestReport"}
{"nodeid": "tests/test_example1.py::test_xfail_reason", "location": ["tests/test_example1.py", 42, "test_xfail_reason"], "keywords": {"xfail": 1, "pytest": 1, "pytestmark": 1, "tests/test_example1.py": 1, "test_xfail_reason": 1}, "outcome": "skipped", "longrepr": {"reprcrash": {"path": "/home/lugh/Documents/Programming/emacs/pytest/tests/test_example1.py", "lineno": 45, "message": "assert False"}, "reprtraceback": {"reprentries": [{"type": "ReprEntry", "data": {"lines": ["    @pytest.mark.xfail(reason=\"xfail without a reason\")", "    def test_xfail_reason():", ">       assert False", "E       assert False"], "reprfuncargs": {"args": []}, "reprlocals": null, "reprfileloc": {"path": "tests/test_example1.py", "lineno": 45, "message": "AssertionError"}, "style": "long"}}], "extraline": null, "style": "long"}, "sections": [], "chain": [[{"reprentries": [{"type": "ReprEntry", "data": {"lines": ["    @pytest.mark.xfail(reason=\"xfail without a reason\")", "    def test_xfail_reason():", ">       assert False", "E       assert False"], "reprfuncargs": {"args": []}, "reprlocals": null, "reprfileloc": {"path": "tests/test_example1.py", "lineno": 45, "message": "AssertionError"}, "style": "long"}}], "extraline": null, "style": "long"}, {"path": "/home/lugh/Documents/Programming/emacs/pytest/tests/test_example1.py", "lineno": 45, "message": "assert False"}, null]]}, "when": "call", "user_properties": [], "sections": [], "duration": 0.00037447399517986923, "wasxfail": "xfail without a reason", "$report_type": "TestReport"}
{"nodeid": "tests/test_example1.py::test_xfail_reason", "location": ["tests/test_example1.py", 42, "test_xfail_reason"], "keywords": {"xfail": 1, "pytest": 1, "pytestmark": 1, "tests/test_example1.py": 1, "test_xfail_reason": 1}, "outcome": "passed", "longrepr": null, "when": "teardown", "user_properties": [], "sections": [], "duration": 0.0003786629968089983, "$report_type": "TestReport"}
{"nodeid": "tests/test_example1.py::test_xpass", "location": ["tests/test_example1.py", 47, "test_xpass"], "keywords": {"xfail": 1, "test_xpass": 1, "pytest": 1, "pytestmark": 1, "tests/test_example1.py": 1}, "outcome": "passed", "longrepr": null, "when": "setup", "user_properties": [], "sections": [], "duration": 0.00023435999901266769, "$report_type": "TestReport"}
{"nodeid": "tests/test_example1.py::test_xpass", "location": ["tests/test_example1.py", 47, "test_xpass"], "keywords": {"xfail": 1, "test_xpass": 1, "pytest": 1, "pytestmark": 1, "tests/test_example1.py": 1}, "outcome": "passed", "longrepr": null, "when": "call", "user_properties": [], "sections": [], "duration": 0.0003204929962521419, "wasxfail": "", "$report_type": "TestReport"}
{"nodeid": "tests/test_example1.py::test_xpass", "location": ["tests/test_example1.py", 47, "test_xpass"], "keywords": {"xfail": 1, "test_xpass": 1, "pytest": 1, "pytestmark": 1, "tests/test_example1.py": 1}, "outcome": "passed", "longrepr": null, "when": "teardown", "user_properties": [], "sections": [], "duration": 0.0003025210025953129, "$report_type": "TestReport"}
{"nodeid": "tests/test_example1.py::test_skip", "location": ["tests/test_example1.py", 53, "test_skip"], "keywords": {"skipif": 1, "tests/test_example1.py": 1, "pytest": 1, "pytestmark": 1, "test_skip": 1}, "outcome": "skipped", "longrepr": ["/home/lugh/Documents/Programming/emacs/pytest/tests/test_example1.py", 54, "Skipped: skipping the test without a reason for testing purposes"], "when": "setup", "user_properties": [], "sections": [], "duration": 0.00020535500516416505, "$report_type": "TestReport"}
{"nodeid": "tests/test_example1.py::test_skip", "location": ["tests/test_example1.py", 53, "test_skip"], "keywords": {"skipif": 1, "tests/test_example1.py": 1, "pytest": 1, "pytestmark": 1, "test_skip": 1}, "outcome": "passed", "longrepr": null, "when": "teardown", "user_properties": [], "sections": [], "duration": 0.00025266699958592653, "$report_type": "TestReport"}
{"nodeid": "tests/test_example1.py::test_variations[0]", "location": ["tests/test_example1.py", 78, "test_variations[0]"], "keywords": {"0": 1, "tests/test_example1.py": 1, "pytest": 1, "test_variations[0]": 1}, "outcome": "passed", "longrepr": null, "when": "setup", "user_properties": [], "sections": [], "duration": 0.00035399599437369034, "$report_type": "TestReport"}
{"nodeid": "tests/test_example1.py::test_variations[0]", "location": ["tests/test_example1.py", 78, "test_variations[0]"], "keywords": {"0": 1, "tests/test_example1.py": 1, "pytest": 1, "test_variations[0]": 1}, "outcome": "passed", "longrepr": null, "when": "call", "user_properties": [], "sections": [], "duration": 0.00030381899705389515, "$report_type": "TestReport"}
{"nodeid": "tests/test_example1.py::test_variations[0]", "location": ["tests/test_example1.py", 78, "test_variations[0]"], "keywords": {"0": 1, "tests/test_example1.py": 1, "pytest": 1, "test_variations[0]": 1}, "outcome": "passed", "longrepr": null, "when": "teardown", "user_properties": [], "sections": [], "duration": 0.00036429699684958905, "$report_type": "TestReport"}
{"nodeid": "tests/test_example1.py::test_variations[1]", "location": ["tests/test_example1.py", 78, "test_variations[1]"], "keywords": {"tests/test_example1.py": 1, "pytest": 1, "1": 1, "test_variations[1]": 1}, "outcome": "passed", "longrepr": null, "when": "setup", "user_properties": [], "sections": [], "duration": 0.0003599519986892119, "$report_type": "TestReport"}
{"nodeid": "tests/test_example1.py::test_variations[1]", "location": ["tests/test_example1.py", 78, "test_variations[1]"], "keywords": {"tests/test_example1.py": 1, "pytest": 1, "1": 1, "test_variations[1]": 1}, "outcome": "failed", "longrepr": {"reprcrash": {"path": "/home/lugh/Documents/Programming/emacs/pytest/tests/test_example1.py", "lineno": 80, "message": "assert False\n +  where False = example(1)"}, "reprtraceback": {"reprentries": [{"type": "ReprEntry", "data": {"lines": ["    def test_variations(variable):", ">       assert example(variable)", "E       assert False", "E        +  where False = example(1)"], "reprfuncargs": {"args": [["variable", "1"]]}, "reprlocals": null, "reprfileloc": {"path": "tests/test_example1.py", "lineno": 80, "message": "AssertionError"}, "style": "long"}}], "extraline": null, "style": "long"}, "sections": [], "chain": [[{"reprentries": [{"type": "ReprEntry", "data": {"lines": ["    def test_variations(variable):", ">       assert example(variable)", "E       assert False", "E        +  where False = example(1)"], "reprfuncargs": {"args": [["variable", "1"]]}, "reprlocals": null, "reprfileloc": {"path": "tests/test_example1.py", "lineno": 80, "message": "AssertionError"}, "style": "long"}}], "extraline": null, "style": "long"}, {"path": "/home/lugh/Documents/Programming/emacs/pytest/tests/test_example1.py", "lineno": 80, "message": "assert False\n +  where False = example(1)"}, null]]}, "when": "call", "user_properties": [], "sections": [], "duration": 0.0004271489960956387, "$report_type": "TestReport"}
{"nodeid": "tests/test_example1.py::test_variations[1]", "location": ["tests/test_example1.py", 78, "test_variations[1]"], "keywords": {"tests/test_example1.py": 1, "pytest": 1, "1": 1, "test_variations[1]": 1}, "outcome": "passed", "longrepr": null, "when": "teardown", "user_properties": [], "sections": [], "duration": 0.00043593499867711216, "$report_type": "TestReport"}
{"nodeid": "tests/test_example1.py::test_variations[2]", "location": ["tests/test_example1.py", 78, "test_variations[2]"], "keywords": {"tests/test_example1.py": 1, "pytest": 1, "2": 1, "test_variations[2]": 1}, "outcome": "failed", "longrepr": {"reprcrash": {"path": "/home/lugh/Documents/Programming/emacs/pytest/tests/test_example1.py", "lineno": 75, "message": "AssertionError: assert 2 != 2\n +  where 2 = <SubRequest 'variable' for <Function test_variations[2]>>.param"}, "reprtraceback": {"reprentries": [{"type": "ReprEntry", "data": {"lines": ["    @pytest.fixture(", "        params=[", "            pytest.param(0),", "            pytest.param(1),", "            pytest.param(2),", "            pytest.param(3, marks=pytest.mark.xfail),", "            pytest.param(4, marks=pytest.mark.xfail),", "            pytest.param(5, marks=pytest.mark.skip),", "        ]", "    )", "    @pytest.mark.xfail", "    @pytest.mark.skip", "    def variable(request):", ">       assert request.param != 2", "E       AssertionError: assert 2 != 2", "E        +  where 2 = <SubRequest 'variable' for <Function test_variations[2]>>.param"], "reprfuncargs": {"args": [["request", "<SubRequest 'variable' for <Function test_variations[2]>>"]]}, "reprlocals": null, "reprfileloc": {"path": "tests/test_example1.py", "lineno": 75, "message": "AssertionError"}, "style": "long"}}], "extraline": null, "style": "long"}, "sections": [], "chain": [[{"reprentries": [{"type": "ReprEntry", "data": {"lines": ["    @pytest.fixture(", "        params=[", "            pytest.param(0),", "            pytest.param(1),", "            pytest.param(2),", "            pytest.param(3, marks=pytest.mark.xfail),", "            pytest.param(4, marks=pytest.mark.xfail),", "            pytest.param(5, marks=pytest.mark.skip),", "        ]", "    )", "    @pytest.mark.xfail", "    @pytest.mark.skip", "    def variable(request):", ">       assert request.param != 2", "E       AssertionError: assert 2 != 2", "E        +  where 2 = <SubRequest 'variable' for <Function test_variations[2]>>.param"], "reprfuncargs": {"args": [["request", "<SubRequest 'variable' for <Function test_variations[2]>>"]]}, "reprlocals": null, "reprfileloc": {"path": "tests/test_example1.py", "lineno": 75, "message": "AssertionError"}, "style": "long"}}], "extraline": null, "style": "long"}, {"path": "/home/lugh/Documents/Programming/emacs/pytest/tests/test_example1.py", "lineno": 75, "message": "AssertionError: assert 2 != 2\n +  where 2 = <SubRequest 'variable' for <Function test_variations[2]>>.param"}, null]]}, "when": "setup", "user_properties": [], "sections": [], "duration": 0.000488559999212157, "$report_type": "TestReport"}
{"nodeid": "tests/test_example1.py::test_variations[2]", "location": ["tests/test_example1.py", 78, "test_variations[2]"], "keywords": {"tests/test_example1.py": 1, "pytest": 1, "2": 1, "test_variations[2]": 1}, "outcome": "passed", "longrepr": null, "when": "teardown", "user_properties": [], "sections": [], "duration": 0.00042178400326520205, "$report_type": "TestReport"}
{"nodeid": "tests/test_example1.py::test_variations[3]", "location": ["tests/test_example1.py", 78, "test_variations[3]"], "keywords": {"test_variations[3]": 1, "xfail": 1, "3": 1, "pytest": 1, "tests/test_example1.py": 1}, "outcome": "passed", "longrepr": null, "when": "setup", "user_properties": [], "sections": [], "duration": 0.00035261199809610844, "$report_type": "TestReport"}
{"nodeid": "tests/test_example1.py::test_variations[3]", "location": ["tests/test_example1.py", 78, "test_variations[3]"], "keywords": {"test_variations[3]": 1, "xfail": 1, "3": 1, "pytest": 1, "tests/test_example1.py": 1}, "outcome": "skipped", "longrepr": {"reprcrash": {"path": "/home/lugh/Documents/Programming/emacs/pytest/tests/test_example1.py", "lineno": 80, "message": "assert False\n +  where False = example(3)"}, "reprtraceback": {"reprentries": [{"type": "ReprEntry", "data": {"lines": ["    def test_variations(variable):", ">       assert example(variable)", "E       assert False", "E        +  where False = example(3)"], "reprfuncargs": {"args": [["variable", "3"]]}, "reprlocals": null, "reprfileloc": {"path": "tests/test_example1.py", "lineno": 80, "message": "AssertionError"}, "style": "long"}}], "extraline": null, "style": "long"}, "sections": [], "chain": [[{"reprentries": [{"type": "ReprEntry", "data": {"lines": ["    def test_variations(variable):", ">       assert example(variable)", "E       assert False", "E        +  where False = example(3)"], "reprfuncargs": {"args": [["variable", "3"]]}, "reprlocals": null, "reprfileloc": {"path": "tests/test_example1.py", "lineno": 80, "message": "AssertionError"}, "style": "long"}}], "extraline": null, "style": "long"}, {"path": "/home/lugh/Documents/Programming/emacs/pytest/tests/test_example1.py", "lineno": 80, "message": "assert False\n +  where False = example(3)"}, null]]}, "when": "call", "user_properties": [], "sections": [], "duration": 0.0004110809968551621, "wasxfail": "", "$report_type": "TestReport"}
{"nodeid": "tests/test_example1.py::test_variations[3]", "location": ["tests/test_example1.py", 78, "test_variations[3]"], "keywords": {"test_variations[3]": 1, "xfail": 1, "3": 1, "pytest": 1, "tests/test_example1.py": 1}, "outcome": "passed", "longrepr": null, "when": "teardown", "user_properties": [], "sections": [], "duration": 0.0004417510062921792, "$report_type": "TestReport"}
{"nodeid": "tests/test_example1.py::test_variations[4]", "location": ["tests/test_example1.py", 78, "test_variations[4]"], "keywords": {"test_variations[4]": 1, "4": 1, "xfail": 1, "pytest": 1, "tests/test_example1.py": 1}, "outcome": "passed", "longrepr": null, "when": "setup", "user_properties": [], "sections": [], "duration": 0.00034788699849741533, "$report_type": "TestReport"}
{"nodeid": "tests/test_example1.py::test_variations[4]", "location": ["tests/test_example1.py", 78, "test_variations[4]"], "keywords": {"test_variations[4]": 1, "4": 1, "xfail": 1, "pytest": 1, "tests/test_example1.py": 1}, "outcome": "passed", "longrepr": null, "when": "call", "user_properties": [], "sections": [], "duration": 0.00028570100403157994, "wasxfail": "", "$report_type": "TestReport"}
{"nodeid": "tests/test_example1.py::test_variations[4]", "location": ["tests/test_example1.py", 78, "test_variations[4]"], "keywords": {"test_variations[4]": 1, "4": 1, "xfail": 1, "pytest": 1, "tests/test_example1.py": 1}, "outcome": "passed", "longrepr": null, "when": "teardown", "user_properties": [], "sections": [], "duration": 0.00034982000215677544, "$report_type": "TestReport"}
{"nodeid": "tests/test_example1.py::test_variations[5]", "location": ["tests/test_example1.py", 78, "test_variations[5]"], "keywords": {"pytest": 1, "5": 1, "test_variations[5]": 1, "tests/test_example1.py": 1, "skip": 1}, "outcome": "skipped", "longrepr": ["/home/lugh/Documents/Programming/emacs/pytest/tests/test_example1.py", 79, "Skipped: unconditional skip"], "when": "setup", "user_properties": [], "sections": [], "duration": 0.0002231719990959391, "$report_type": "TestReport"}
{"nodeid": "tests/test_example1.py::test_variations[5]", "location": ["tests/test_example1.py", 78, "test_variations[5]"], "keywords": {"pytest": 1, "5": 1, "test_variations[5]": 1, "tests/test_example1.py": 1, "skip": 1}, "outcome": "passed", "longrepr": null, "when": "teardown", "user_properties": [], "sections": [], "duration": 0.0002498499961802736, "$report_type": "TestReport"}
{"nodeid": "tests/test_example1.py::test_nested", "location": ["tests/test_example1.py", 82, "test_nested"], "keywords": {"tests/test_example1.py": 1, "pytest": 1, "test_nested": 1}, "outcome": "passed", "longrepr": null, "when": "setup", "user_properties": [], "sections": [], "duration": 0.0002262639973196201, "$report_type": "TestReport"}
{"nodeid": "tests/test_example1.py::test_nested", "location": ["tests/test_example1.py", 82, "test_nested"], "keywords": {"tests/test_example1.py": 1, "pytest": 1, "test_nested": 1}, "outcome": "passed", "longrepr": null, "when": "call", "user_properties": [], "sections": [], "duration": 0.0003070620005019009, "$report_type": "TestReport"}
{"nodeid": "tests/test_example1.py::test_nested", "location": ["tests/test_example1.py", 82, "test_nested"], "keywords": {"tests/test_example1.py": 1, "pytest": 1, "test_nested": 1}, "outcome": "passed", "longrepr": null, "when": "teardown", "user_properties": [], "sections": [], "duration": 0.0003040730007342063, "$report_type": "TestReport"}
{"nodeid": "tests/test_example2.py::test_case", "location": ["tests/test_example2.py", 4, "test_case"], "keywords": {"test_case": 1, "pytest": 1, "tests/test_example2.py": 1}, "outcome": "passed", "longrepr": null, "when": "setup", "user_properties": [], "sections": [], "duration": 0.0002549999990151264, "$report_type": "TestReport"}
{"nodeid": "tests/test_example2.py::test_case", "location": ["tests/test_example2.py", 4, "test_case"], "keywords": {"test_case": 1, "pytest": 1, "tests/test_example2.py": 1}, "outcome": "failed", "longrepr": {"reprcrash": {"path": "/home/lugh/Documents/Programming/emacs/pytest/tests/test_example2.py", "lineno": 6, "message": "ValueError: always fails"}, "reprtraceback": {"reprentries": [{"type": "ReprEntry", "data": {"lines": ["    def test_case():", ">       raise ValueError(\"always fails\")", "E       ValueError: always fails"], "reprfuncargs": {"args": []}, "reprlocals": null, "reprfileloc": {"path": "tests/test_example2.py", "lineno": 6, "message": "ValueError"}, "style": "long"}}], "extraline": null, "style": "long"}, "sections": [], "chain": [[{"reprentries": [{"type": "ReprEntry", "data": {"lines": ["    def test_case():", ">       raise ValueError(\"always fails\")", "E       ValueError: always fails"], "reprfuncargs": {"args": []}, "reprlocals": null, "reprfileloc": {"path": "tests/test_example2.py", "lineno": 6, "message": "ValueError"}, "style": "long"}}], "extraline": null, "style": "long"}, {"path": "/home/lugh/Documents/Programming/emacs/pytest/tests/test_example2.py", "lineno": 6, "message": "ValueError: always fails"}, null]]}, "when": "call", "user_properties": [], "sections": [], "duration": 0.0003349580001668073, "$report_type": "TestReport"}
{"nodeid": "tests/test_example2.py::test_case", "location": ["tests/test_example2.py", 4, "test_case"], "keywords": {"test_case": 1, "pytest": 1, "tests/test_example2.py": 1}, "outcome": "passed", "longrepr": null, "when": "teardown", "user_properties": [], "sections": [], "duration": 0.0003770219991565682, "$report_type": "TestReport"}
{"nodeid": "tests/test_example2.py::TestGroup::test_pass", "location": ["tests/test_example2.py", 12, "TestGroup.test_pass"], "keywords": {"skipif": 1, "()": 1, "pytest": 1, "TestGroup": 1, "tests/test_example2.py": 1, "test_pass": 1}, "outcome": "passed", "longrepr": null, "when": "setup", "user_properties": [], "sections": [], "duration": 0.00023950300237629563, "$report_type": "TestReport"}
{"nodeid": "tests/test_example2.py::TestGroup::test_pass", "location": ["tests/test_example2.py", 12, "TestGroup.test_pass"], "keywords": {"skipif": 1, "()": 1, "pytest": 1, "TestGroup": 1, "tests/test_example2.py": 1, "test_pass": 1}, "outcome": "passed", "longrepr": null, "when": "call", "user_properties": [], "sections": [], "duration": 0.0003564610015018843, "$report_type": "TestReport"}
{"nodeid": "tests/test_example2.py::TestGroup::test_pass", "location": ["tests/test_example2.py", 12, "TestGroup.test_pass"], "keywords": {"skipif": 1, "()": 1, "pytest": 1, "TestGroup": 1, "tests/test_example2.py": 1, "test_pass": 1}, "outcome": "passed", "longrepr": null, "when": "teardown", "user_properties": [], "sections": [], "duration": 0.00030535700352629647, "$report_type": "TestReport"}
{"nodeid": "tests/test_example2.py::TestGroup::test_skip", "location": ["tests/test_example2.py", 15, "TestGroup.test_skip"], "keywords": {"skipif": 1, "tests/test_example2.py": 1, "()": 1, "pytest": 1, "pytestmark": 1, "TestGroup": 1, "test_skip": 1, "skip": 1}, "outcome": "skipped", "longrepr": ["/home/lugh/Documents/Programming/emacs/pytest/tests/test_example2.py", 16, "Skipped: a long and elaborate, multi-line reason on why this test has to fail"], "when": "setup", "user_properties": [], "sections": [], "duration": 0.00020762799977092072, "$report_type": "TestReport"}
{"nodeid": "tests/test_example2.py::TestGroup::test_skip", "location": ["tests/test_example2.py", 15, "TestGroup.test_skip"], "keywords": {"skipif": 1, "tests/test_example2.py": 1, "()": 1, "pytest": 1, "pytestmark": 1, "TestGroup": 1, "test_skip": 1, "skip": 1}, "outcome": "passed", "longrepr": null, "when": "teardown", "user_properties": [], "sections": [], "duration": 0.0002627140056574717, "$report_type": "TestReport"}
{"nodeid": "tests/test_example2.py::TestGroup::test_xfail", "location": ["tests/test_example2.py", 21, "TestGroup.test_xfail"], "keywords": {"skipif": 1, "test_xfail": 1, "()": 1, "xfail": 1, "pytest": 1, "pytestmark": 1, "TestGroup": 1, "tests/test_example2.py": 1}, "outcome": "passed", "longrepr": null, "when": "setup", "user_properties": [], "sections": [], "duration": 0.0002486610028427094, "$report_type": "TestReport"}
{"nodeid": "tests/test_example2.py::TestGroup::test_xfail", "location": ["tests/test_example2.py", 21, "TestGroup.test_xfail"], "keywords": {"skipif": 1, "test_xfail": 1, "()": 1, "xfail": 1, "pytest": 1, "pytestmark": 1, "TestGroup": 1, "tests/test_example2.py": 1}, "outcome": "skipped", "longrepr": {"reprcrash": {"path": "/home/lugh/Documents/Programming/emacs/pytest/tests/test_example2.py", "lineno": 24, "message": "assert False"}, "reprtraceback": {"reprentries": [{"type": "ReprEntry", "data": {"lines": ["    @pytest.mark.xfail", "    def test_xfail(self):", ">       assert False", "E       assert False"], "reprfuncargs": {"args": [["self", "<test_example2.TestGroup object at 0x7fb9860b8370>"]]}, "reprlocals": null, "reprfileloc": {"path": "tests/test_example2.py", "lineno": 24, "message": "AssertionError"}, "style": "long"}}], "extraline": null, "style": "long"}, "sections": [], "chain": [[{"reprentries": [{"type": "ReprEntry", "data": {"lines": ["    @pytest.mark.xfail", "    def test_xfail(self):", ">       assert False", "E       assert False"], "reprfuncargs": {"args": [["self", "<test_example2.TestGroup object at 0x7fb9860b8370>"]]}, "reprlocals": null, "reprfileloc": {"path": "tests/test_example2.py", "lineno": 24, "message": "AssertionError"}, "style": "long"}}], "extraline": null, "style": "long"}, {"path": "/home/lugh/Documents/Programming/emacs/pytest/tests/test_example2.py", "lineno": 24, "message": "assert False"}, null]]}, "when": "call", "user_properties": [], "sections": [], "duration": 0.0003810960042756051, "wasxfail": "", "$report_type": "TestReport"}
{"nodeid": "tests/test_example2.py::TestGroup::test_xfail", "location": ["tests/test_example2.py", 21, "TestGroup.test_xfail"], "keywords": {"skipif": 1, "test_xfail": 1, "()": 1, "xfail": 1, "pytest": 1, "pytestmark": 1, "TestGroup": 1, "tests/test_example2.py": 1}, "outcome": "passed", "longrepr": null, "when": "teardown", "user_properties": [], "sections": [], "duration": 0.0003728500014403835, "$report_type": "TestReport"}
{"nodeid": "tests/test_example2.py::TestGroup::test_xpass", "location": ["tests/test_example2.py", 25, "TestGroup.test_xpass"], "keywords": {"skipif": 1, "()": 1, "xfail": 1, "test_xpass": 1, "pytest": 1, "pytestmark": 1, "TestGroup": 1, "tests/test_example2.py": 1}, "outcome": "passed", "longrepr": null, "when": "setup", "user_properties": [], "sections": [], "duration": 0.0002467360027367249, "$report_type": "TestReport"}
{"nodeid": "tests/test_example2.py::TestGroup::test_xpass", "location": ["tests/test_example2.py", 25, "TestGroup.test_xpass"], "keywords": {"skipif": 1, "()": 1, "xfail": 1, "test_xpass": 1, "pytest": 1, "pytestmark": 1, "TestGroup": 1, "tests/test_example2.py": 1}, "outcome": "passed", "longrepr": null, "when": "call", "user_properties": [], "sections": [], "duration": 0.0002949530025944114, "wasxfail": "", "$report_type": "TestReport"}
{"nodeid": "tests/test_example2.py::TestGroup::test_xpass", "location": ["tests/test_example2.py", 25, "TestGroup.test_xpass"], "keywords": {"skipif": 1, "()": 1, "xfail": 1, "test_xpass": 1, "pytest": 1, "pytestmark": 1, "TestGroup": 1, "tests/test_example2.py": 1}, "outcome": "passed", "longrepr": null, "when": "teardown", "user_properties": [], "sections": [], "duration": 0.0003431719960644841, "$report_type": "TestReport"}
{"nodeid": "tests/test_example2.py::GroupTest::test_fail", "location": ["tests/test_example2.py", 34, "GroupTest.test_fail"], "keywords": {"GroupTest": 1, "tests/test_example2.py": 1, "pytest": 1, "test_fail": 1}, "outcome": "passed", "longrepr": null, "when": "setup", "user_properties": [], "sections": [], "duration": 0.0004810719983652234, "$report_type": "TestReport"}
{"nodeid": "tests/test_example2.py::GroupTest::test_fail", "location": ["tests/test_example2.py", 34, "GroupTest.test_fail"], "keywords": {"GroupTest": 1, "tests/test_example2.py": 1, "pytest": 1, "test_fail": 1}, "outcome": "failed", "longrepr": {"reprcrash": {"path": "/home/lugh/Documents/Programming/emacs/pytest/tests/test_example2.py", "lineno": 36, "message": "ValueError: always fails"}, "reprtraceback": {"reprentries": [{"type": "ReprEntry", "data": {"lines": ["    def test_fail(self):", ">       raise ValueError(\"always fails\")", "E       ValueError: always fails"], "reprfuncargs": {"args": [["self", "<test_example2.GroupTest testMethod=test_fail>"]]}, "reprlocals": null, "reprfileloc": {"path": "tests/test_example2.py", "lineno": 36, "message": "ValueError"}, "style": "long"}}], "extraline": null, "style": "long"}, "sections": [], "chain": [[{"reprentries": [{"type": "ReprEntry", "data": {"lines": ["    def test_fail(self):", ">       raise ValueError(\"always fails\")", "E       ValueError: always fails"], "reprfuncargs": {"args": [["self", "<test_example2.GroupTest testMethod=test_fail>"]]}, "reprlocals": null, "reprfileloc": {"path": "tests/test_example2.py", "lineno": 36, "message": "ValueError"}, "style": "long"}}], "extraline": null, "style": "long"}, {"path": "/home/lugh/Documents/Programming/emacs/pytest/tests/test_example2.py", "lineno": 36, "message": "ValueError: always fails"}, null]]}, "when": "call", "user_properties": [], "sections": [], "duration": 0.0004581339962896891, "$report_type": "TestReport"}
{"nodeid": "tests/test_example2.py::GroupTest::test_fail", "location": ["tests/test_example2.py", 34, "GroupTest.test_fail"], "keywords": {"GroupTest": 1, "tests/test_example2.py": 1, "pytest": 1, "test_fail": 1}, "outcome": "passed", "longrepr": null, "when": "teardown", "user_properties": [], "sections": [], "duration": 0.00036222999915480614, "$report_type": "TestReport"}
{"nodeid": "tests/test_example2.py::GroupTest::test_pass", "location": ["tests/test_example2.py", 31, "GroupTest.test_pass"], "keywords": {"GroupTest": 1, "pytest": 1, "tests/test_example2.py": 1, "test_pass": 1}, "outcome": "passed", "longrepr": null, "when": "setup", "user_properties": [], "sections": [], "duration": 0.00042721800127765164, "$report_type": "TestReport"}
{"nodeid": "tests/test_example2.py::GroupTest::test_pass", "location": ["tests/test_example2.py", 31, "GroupTest.test_pass"], "keywords": {"GroupTest": 1, "pytest": 1, "tests/test_example2.py": 1, "test_pass": 1}, "outcome": "passed", "longrepr": null, "when": "call", "user_properties": [], "sections": [], "duration": 0.0015028600028017536, "$report_type": "TestReport"}
{"nodeid": "tests/test_example2.py::GroupTest::test_pass", "location": ["tests/test_example2.py", 31, "GroupTest.test_pass"], "keywords": {"GroupTest": 1, "pytest": 1, "tests/test_example2.py": 1, "test_pass": 1}, "outcome": "passed", "longrepr": null, "when": "teardown", "user_properties": [], "sections": [], "duration": 0.0007173850026447326, "$report_type": "TestReport"}
{"nodeid": "tests/test_example4.py::test_pass", "location": ["tests/test_example4.py", 5, "test_pass"], "keywords": {"skipif": 1, "pytest": 1, "tests/test_example4.py": 1, "test_pass": 1}, "outcome": "skipped", "longrepr": ["/home/lugh/Documents/Programming/emacs/pytest/tests/test_example4.py", 6, "Skipped: skip for demonstration purposes"], "when": "setup", "user_properties": [], "sections": [], "duration": 0.00022610400628764182, "$report_type": "TestReport"}
{"nodeid": "tests/test_example4.py::test_pass", "location": ["tests/test_example4.py", 5, "test_pass"], "keywords": {"skipif": 1, "pytest": 1, "tests/test_example4.py": 1, "test_pass": 1}, "outcome": "passed", "longrepr": null, "when": "teardown", "user_properties": [], "sections": [], "duration": 0.0002561799992690794, "$report_type": "TestReport"}
{"exitstatus": 1, "$report_type": "SessionFinish"}
